<?xml version="1.0" encoding="UTF-8"?>
<!-- Generated by org.testng.reporters.JUnitReportReporter -->
<testsuite hostname="DESKTOP-5NEEPGF" failures="0" tests="1" name="Login.Login" time="0.007" errors="0" timestamp="2024-11-16T21:45:36 IST" skipped="0">
  <testcase classname="Login.Login" name="Rtest" time="0.007"/>
  <system-out/>
</testsuite> <!-- Login.Login -->
