<?xml version="1.0" encoding="UTF-8"?>
<!-- Generated by org.testng.reporters.JUnitReportReporter -->
<testsuite hostname="DESKTOP-5NEEPGF" failures="0" tests="1" name="Login.Login" time="0.019" errors="0" timestamp="17 Nov 2024 09:20:26 GMT" skipped="0">
  <testcase classname="Login.Login" name="Rtest" time="0.019"/>
</testsuite> <!-- Login.Login -->
