<?xml version="1.0" encoding="UTF-8"?>
<!-- Generated by org.testng.reporters.JUnitReportReporter -->
<testsuite hostname="DESKTOP-5NEEPGF" failures="0" tests="1" name="Org.Organization" time="0.000" errors="0" timestamp="16 Nov 2024 16:49:08 GMT" skipped="0">
  <testcase classname="Org.Organization" name="Mtest" time="0.000"/>
</testsuite> <!-- Org.Organization -->
